This is e-pTeX, Version 3.14159265-p3.5-130605-2.6 (utf8.euc) (TeX Live 2014) (preloaded format=platex 2014.11.27)  8 FEB 2017 16:45
entering extended mode
 restricted \write18 enabled.
 file:line:error style messages enabled.
 %&-line parsing enabled.
**hikiutils_yamane
(./hikiutils_yamane.tex
pLaTeX2e <2006/11/10> (based on LaTeX2e <2014/05/01> patch level 0)
Babel <3.9k> and hyphenation patterns for 78 languages loaded.
(/usr/local/texlive/2014/texmf-dist/tex/platex/jsclasses/jsarticle.cls
Document Class: jsarticle 2014/02/07 okumura
LaTeX Info: Redefining \rmfamily on input line 352.
LaTeX Info: Redefining \sffamily on input line 355.
LaTeX Info: Redefining \ttfamily on input line 358.
\symmincho=\mathgroup4
LaTeX Font Info:    Overwriting symbol font `mincho' in version `bold'
(Font)                  JY1/mc/m/n --> JY1/gt/m/n on input line 423.
LaTeX Font Info:    Font shape `JT1/mc/m/n' will be
(Font)              scaled to size 9.60999pt on input line 613.
LaTeX Font Info:    Font shape `JY1/mc/m/n' will be
(Font)              scaled to size 9.60999pt on input line 613.
\fullwidth=\dimen118
LaTeX Font Info:    Font shape `JT1/mc/m/n' will be
(Font)              scaled to size 7.68799pt on input line 760.
LaTeX Font Info:    Font shape `JY1/mc/m/n' will be
(Font)              scaled to size 7.68799pt on input line 760.
\c@part=\count81
\c@section=\count82
\c@subsection=\count83
\c@subsubsection=\count84
\c@paragraph=\count85
\c@subparagraph=\count86
\@abstractbox=\box41
\c@figure=\count87
\c@table=\count88
\abovecaptionskip=\skip41
\belowcaptionskip=\skip42
\js@tocl@width=\dimen119
\@lnumwidth=\dimen120
\bibindent=\dimen121
LaTeX Info: Redefining \TeX on input line 1731.
LaTeX Info: Redefining \LaTeX on input line 1757.
LaTeX Info: Redefining \LaTeXe on input line 1782.
\heisei=\count89
) (/usr/local/texlive/2014/texmf-dist/tex/latex/graphics/graphicx.sty
Package: graphicx 2014/04/25 v1.0g Enhanced LaTeX Graphics (DPC,SPQR)

(/usr/local/texlive/2014/texmf-dist/tex/latex/graphics/keyval.sty
Package: keyval 2014/05/08 v1.15 key=value parser (DPC)
\KV@toks@=\toks15
)
(/usr/local/texlive/2014/texmf-dist/tex/latex/graphics/graphics.sty
Package: graphics 2009/02/05 v1.0o Standard LaTeX Graphics (DPC,SPQR)

(/usr/local/texlive/2014/texmf-dist/tex/latex/graphics/trig.sty
Package: trig 1999/03/16 v1.09 sin cos tan (DPC)
)
(/usr/local/texlive/2014/texmf-dist/tex/latex/latexconfig/graphics.cfg
File: graphics.cfg 2010/04/23 v1.9 graphics configuration of TeX Live
)
Package graphics Info: Driver file: dvipdfmx.def on input line 91.

(/usr/local/texlive/2014/texmf-dist/tex/latex/dvipdfmx-def/dvipdfmx.def
File: dvipdfmx.def 2014/04/28 v4.01 LaTeX color/graphics driver for dvipdfmx (T
eX Live/ChoF)
))
\Gin@req@height=\dimen122
\Gin@req@width=\dimen123
)
(/usr/local/texlive/2014/texmf-dist/tex/latex/graphics/color.sty
Package: color 2014/04/23 v1.1a Standard LaTeX Color (DPC)

(/usr/local/texlive/2014/texmf-dist/tex/latex/latexconfig/color.cfg
File: color.cfg 2007/01/18 v1.5 color configuration of teTeX/TeXLive
)
Package color Info: Driver file: dvipdfmx.def on input line 137.

(/usr/local/texlive/2014/texmf-dist/tex/latex/graphics/dvipsnam.def
File: dvipsnam.def 2014/04/23 v3.0j Driver-dependant file (DPC,SPQR)
))
(/usr/local/texlive/2014/texmf-dist/tex/latex/listings/listings.sty
\lst@mode=\count90
\lst@gtempboxa=\box42
\lst@token=\toks16
\lst@length=\count91
\lst@currlwidth=\dimen124
\lst@column=\count92
\lst@pos=\count93
\lst@lostspace=\dimen125
\lst@width=\dimen126
\lst@newlines=\count94
\lst@lineno=\count95
\lst@maxwidth=\dimen127

(/usr/local/texlive/2014/texmf-dist/tex/latex/listings/lstmisc.sty
File: lstmisc.sty 2014/03/04 1.5c (Carsten Heinz)
\c@lstnumber=\count96
\lst@skipnumbers=\count97
\lst@framebox=\box43
)
(/usr/local/texlive/2014/texmf-dist/tex/latex/listings/listings.cfg
File: listings.cfg 2014/03/04 1.5c listings configuration
))
Package: listings 2014/03/04 1.5c (Carsten Heinz)

(./hikiutils_yamane.aux (./abstract.aux) (./introduction.aux) (./compare.aux)
(./optparse.aux

LaTeX Warning: Label `default' multiply defined.


LaTeX Warning: Label `default' multiply defined.

) (./command.aux

LaTeX Warning: Label `default' multiply defined.


LaTeX Warning: Label `default' multiply defined.

) (./thor.aux

LaTeX Warning: Label `default' multiply defined.


LaTeX Warning: Label `default' multiply defined.


LaTeX Warning: Label `default' multiply defined.

))
\openout1 = `hikiutils_yamane.aux'.

LaTeX Font Info:    Checking defaults for OML/cmm/m/it on input line 39.
LaTeX Font Info:    ... okay on input line 39.
LaTeX Font Info:    Checking defaults for T1/cmr/m/n on input line 39.
LaTeX Font Info:    ... okay on input line 39.
LaTeX Font Info:    Checking defaults for OT1/cmr/m/n on input line 39.
LaTeX Font Info:    ... okay on input line 39.
LaTeX Font Info:    Checking defaults for OMS/cmsy/m/n on input line 39.
LaTeX Font Info:    ... okay on input line 39.
LaTeX Font Info:    Checking defaults for OMX/cmex/m/n on input line 39.
LaTeX Font Info:    ... okay on input line 39.
LaTeX Font Info:    Checking defaults for U/cmr/m/n on input line 39.
LaTeX Font Info:    ... okay on input line 39.
LaTeX Font Info:    Checking defaults for JY1/mc/m/n on input line 39.
LaTeX Font Info:    ... okay on input line 39.
LaTeX Font Info:    Checking defaults for JT1/mc/m/n on input line 39.
LaTeX Font Info:    ... okay on input line 39.
\c@lstlisting=\count98
LaTeX Font Info:    Font shape `JT1/mc/m/n' will be
(Font)              scaled to size 16.60605pt on input line 45.
LaTeX Font Info:    Font shape `JY1/mc/m/n' will be
(Font)              scaled to size 16.60605pt on input line 45.
LaTeX Font Info:    Font shape `JT1/mc/m/n' will be
(Font)              scaled to size 11.53198pt on input line 45.
LaTeX Font Info:    Font shape `JY1/mc/m/n' will be
(Font)              scaled to size 11.53198pt on input line 45.
LaTeX Font Info:    External font `cmex10' loaded for size
(Font)              <12> on input line 45.
LaTeX Font Info:    External font `cmex10' loaded for size
(Font)              <8> on input line 45.
LaTeX Font Info:    External font `cmex10' loaded for size
(Font)              <6> on input line 45.
LaTeX Font Info:    Font shape `JY1/mc/m/n' will be
(Font)              scaled to size 5.76599pt on input line 45.
LaTeX Font Info:    Font shape `JT1/gt/m/n' will be
(Font)              scaled to size 9.60999pt on input line 48.
LaTeX Font Info:    Font shape `JY1/gt/m/n' will be
(Font)              scaled to size 9.60999pt on input line 48.
LaTeX Font Info:    Font shape `JT1/mc/m/n' will be
(Font)              scaled to size 13.83836pt on input line 48.
LaTeX Font Info:    Font shape `JY1/mc/m/n' will be
(Font)              scaled to size 13.83836pt on input line 48.
LaTeX Font Info:    Font shape `JT1/gt/m/n' will be
(Font)              scaled to size 13.83836pt on input line 48.
LaTeX Font Info:    Font shape `JY1/gt/m/n' will be
(Font)              scaled to size 13.83836pt on input line 48.
 (./hikiutils_yamane.toc [1

]
LaTeX Font Info:    External font `cmex10' loaded for size
(Font)              <7> on input line 4.
LaTeX Font Info:    External font `cmex10' loaded for size
(Font)              <5> on input line 4.
LaTeX Font Info:    Font shape `JY1/mc/m/n' will be
(Font)              scaled to size 6.72699pt on input line 4.
LaTeX Font Info:    Font shape `JY1/mc/m/n' will be
(Font)              scaled to size 4.805pt on input line 4.
)
\tf@toc=\write3
\openout3 = `hikiutils_yamane.toc'.

 (./hikiutils_yamane.toc)
\tf@toc=\write4
\openout4 = `hikiutils_yamane.toc'.

 [2] [3]
\openout2 = `abstract.aux'.


(./abstract.tex) [4

]
\openout2 = `introduction.aux'.

 (./introduction.tex
File: ../figs/./hikiutils_yamane.001.jpg Graphic file (type eps)
 <../figs/./hikiutils_yamane.001.jpg>
LaTeX Font Info:    Font shape `JT1/mc/m/n' will be
(Font)              scaled to size 8.64899pt on input line 8.
LaTeX Font Info:    Font shape `JY1/mc/m/n' will be
(Font)              scaled to size 8.64899pt on input line 8.

[5


]) [6] [7

]
\openout2 = `compare.aux'.

 (./compare.tex
LaTeX Font Info:    Font shape `JT1/gt/m/n' will be
(Font)              scaled to size 11.53198pt on input line 2.
LaTeX Font Info:    Font shape `JY1/gt/m/n' will be
(Font)              scaled to size 11.53198pt on input line 2.

(/usr/local/texlive/2014/texmf-dist/tex/latex/listings/lstlang1.sty
File: lstlang1.sty 2014/03/04 1.5c listings language file
)
(/usr/local/texlive/2014/texmf-dist/tex/latex/listings/lstlang2.sty
File: lstlang2.sty 2014/03/04 1.5c listings language file
)
LaTeX Font Info:    Font shape `JT1/gt/m/n' will be
(Font)              scaled to size 8.64899pt on input line 22.
LaTeX Font Info:    Font shape `JY1/gt/m/n' will be
(Font)              scaled to size 8.64899pt on input line 22.
LaTeX Font Info:    Font shape `JT1/mc/m/n' will be
(Font)              scaled to size 6.72699pt on input line 23.
LaTeX Font Info:    Font shape `JT1/gt/bx/n' in size <9> not available
(Font)              Font shape `JT1/gt/m/n' tried instead on input line 23.
LaTeX Font Info:    Font shape `JT1/gt/m/n' will be
(Font)              scaled to size 8.64899pt on input line 23.
LaTeX Font Info:    Font shape `JY1/gt/bx/n' in size <9> not available
(Font)              Font shape `JY1/gt/m/n' tried instead on input line 23.
LaTeX Font Info:    Font shape `JY1/gt/m/n' will be
(Font)              scaled to size 8.64899pt on input line 23.
LaTeX Font Info:    Font shape `OT1/cmtt/bx/n' in size <9> not available
(Font)              Font shape `OT1/cmtt/m/n' tried instead on input line 23.
 [8

]
[9]) [10]
\openout2 = `optparse.aux'.

 (./optparse.tex
File: ../figs/./hikiutils_yamane.005.jpg Graphic file (type eps)
 <../figs/./hikiutils_yamane.005.jpg> [11


]
File: ../figs/./hikiutils_yamane.007.jpg Graphic file (type eps)

<../figs/./hikiutils_yamane.007.jpg> [12]
LaTeX Font Info:    Try loading font information for OMS+cmr on input line 71.

(/usr/local/texlive/2014/texmf-dist/tex/latex/base/omscmr.fd
File: omscmr.fd 1999/05/25 v2.5h Standard LaTeX font definitions
)
LaTeX Font Info:    Font shape `OMS/cmr/m/n' in size <10> not available
(Font)              Font shape `OMS/cmsy/m/n' tried instead on input line 71.
LaTeX Font Info:    Font shape `JT1/gt/m/it' in size <9> not available
(Font)              Font shape `JT1/gt/m/n' tried instead on input line 73.
LaTeX Font Info:    Font shape `JT1/gt/m/n' will be
(Font)              scaled to size 8.64899pt on input line 73.
LaTeX Font Info:    Font shape `JY1/gt/m/it' in size <9> not available
(Font)              Font shape `JY1/gt/m/n' tried instead on input line 73.
LaTeX Font Info:    Font shape `JY1/gt/m/n' will be
(Font)              scaled to size 8.64899pt on input line 73.
 [13]) [14]
[15

]
\openout2 = `command.aux'.

 (./command.tex
File: ../figs/./hikiutils_yamane.002.jpg Graphic file (type eps)
 <../figs/./hikiutils_yamane.002.jpg> [16

]
Overfull \hbox (143.87068pt too wide) in paragraph at lines 53--54
[][][][] 
 []

[17]
Overfull \hbox (16.03305pt too wide) in paragraph at lines 67--89
 [] 
 []

[18]) [19]
\openout2 = `thor.aux'.

 (./thor.tex
File: ../figs/./hikiutils_yamane.003.jpg Graphic file (type eps)
 <../figs/./hikiutils_yamane.003.jpg> [20


]
File: ../figs/./hikiutils_yamane.004.jpg Graphic file (type eps)

<../figs/./hikiutils_yamane.004.jpg> [21]
File: ../figs/./hikiutils_yamane.006.jpg Graphic file (type eps)
 <../figs/./hikiutils_yamane.006.jpg>
Overfull \hbox (3.95764pt too wide) in paragraph at lines 84--85
\OT1/cmr/m/n/10 Thor \JY1/mc/m/n/10 では \OT1/cmr/m/n/10 start(ARGV) \JY1/mc/m/
n/10 を呼び出すことで \OT1/cmr/m/n/10 CLI \JY1/mc/m/n/10 を開始する ． \OT1/cmr
/m/n/10 Hikithor::CLI.start(ARGV)
 []

[22]
Overfull \hbox (56.86226pt too wide) in paragraph at lines 105--105
 []  \OT1/cmtt/m/n/10 attr_accessor :src, :target, :editor_command, :browser, :
data_name, :l_dir[] 
 []


Overfull \hbox (77.86208pt too wide) in paragraph at lines 105--105
 []      \OT1/cmtt/m/n/10 @data_name=['nick_name','local_dir','local_uri','glob
al_dir','global_uri'][] 
 []

[23]) [24]
Overfull \hbox (163.75688pt too wide) in paragraph at lines 60--61
[]\OT1/cmr/m/n/10 [1] hiki-doc, \OT1/cmtt/m/n/10 https://rubygems.org/gems/hiki
doc/versions/0.1.0, https://github.com/hiki/hikidoc,2017/1/30
 []


Overfull \hbox (109.89688pt too wide) in paragraph at lines 62--63
[]\OT1/cmr/m/n/10 [2]  \JY1/mc/m/n/10 「\OT1/cmr/m/n/10 15.5. opt-parse - \JY1/
mc/m/n/10 コマンドラインオプシ ョン解析器 」 \OT1/cmr/m/n/10 , \OT1/cmtt/m/n/10
 http://docs.python.jp/2/library/optparse.html
 []


Overfull \hbox (39.86638pt too wide) in paragraph at lines 64--65
[]\OT1/cmr/m/n/10 [3]  \JY1/mc/m/n/10 「\OT1/cmr/m/n/10 li-brary opt-parse\JY1/
mc/m/n/10 」 \OT1/cmr/m/n/10 , \OT1/cmtt/m/n/10 https://docs.ruby-lang.org/ja/l
atest/library/optparse.html
 []


Overfull \hbox (32.54222pt too wide) in paragraph at lines 66--67
[]\OT1/cmr/m/n/10 [4]  \JY1/mc/m/n/10 「\OT1/cmr/m/n/10 Thor \JY1/mc/m/n/10 の
使い方まとめ 」 \OT1/cmr/m/n/10 , \OT1/cmtt/m/n/10 http://qiita.com/succi0303/i
tems/32560103190436c9435b
 []

[25

] (./hikiutils_yamane.aux (./abstract.aux) (./introduction.aux)
(./compare.aux) (./optparse.aux) (./command.aux) (./thor.aux))

LaTeX Warning: There were multiply-defined labels.

 ) 
Here is how much of TeX's memory you used:
 2525 strings out of 493807
 34690 string characters out of 6151950
 243399 words of memory out of 5000000
 5954 multiletter control sequences out of 15000+600000
 15681 words of font info for 72 fonts, out of 8000000 for 9000
 934 hyphenation exceptions out of 8191
 34i,9n,51p,773b,1733s stack positions out of 5000i,500n,10000p,200000b,80000s

Output written on hikiutils_yamane.dvi (25 pages, 87076 bytes).
