This is e-pTeX, Version 3.14159265-p3.7-160201-2.6 (utf8.euc) (TeX Live 2016) (preloaded format=platex 2017.1.26)  16 FEB 2017 15:05
entering extended mode
 restricted \write18 enabled.
 file:line:error style messages enabled.
 %&-line parsing enabled.
**yamane_final_abst.tex
(./yamane_final_abst.tex
pLaTeX2e <2016/11/29> (based on LaTeX2e <2017/01/01>)
Babel <3.9r> and hyphenation patterns for 83 language(s) loaded.
(/usr/local/texlive/2016/texmf-dist/tex/platex/jsclasses/jsarticle.cls
Document Class: jsarticle 2017/01/13 okumura, texjporg
\jsc@mpt=\dimen118
\jsc@mmm=\dimen119
\jsc@smallskipamount=\skip41
LaTeX Info: Redefining \rmfamily on input line 468.
LaTeX Info: Redefining \sffamily on input line 471.
LaTeX Info: Redefining \ttfamily on input line 474.
LaTeX Info: Redefining \textmc on input line 477.
LaTeX Info: Redefining \textgt on input line 479.
\symmincho=\mathgroup4
LaTeX Font Info:    Overwriting symbol font `mincho' in version `bold'
(Font)                  JY1/mc/m/n --> JY1/gt/m/n on input line 540.
LaTeX Font Info:    Font shape `JT1/mc/m/n' will be
(Font)              scaled to size 9.60999pt on input line 731.
LaTeX Font Info:    Font shape `JY1/mc/m/n' will be
(Font)              scaled to size 9.60999pt on input line 731.
\fullwidth=\dimen120
LaTeX Font Info:    Font shape `JT1/mc/m/n' will be
(Font)              scaled to size 7.68799pt on input line 883.
LaTeX Font Info:    Font shape `JY1/mc/m/n' will be
(Font)              scaled to size 7.68799pt on input line 883.
\c@part=\count82
\c@section=\count83
\c@subsection=\count84
\c@subsubsection=\count85
\c@paragraph=\count86
\c@subparagraph=\count87
\@abstractbox=\box41
\c@figure=\count88
\c@table=\count89
\abovecaptionskip=\skip42
\belowcaptionskip=\skip43
\jsc@tocl@width=\dimen121
\@lnumwidth=\dimen122
\bibindent=\dimen123
(/usr/local/texlive/2016/texmf-dist/tex/platex/jsclasses/jslogo.sty
Package: jslogo 2016/07/14 okumura, texjporg
LaTeX Info: Redefining \TeX on input line 94.
LaTeX Info: Redefining \LaTeX on input line 147.
LaTeX Info: Redefining \LaTeXe on input line 200.
)
\heisei=\count90
)
(/usr/local/texlive/2016/texmf-dist/tex/latex/subfigure/subfigure.sty
Package: subfigure 2002/03/15 v2.1.5 subfigure package
\subfigtopskip=\skip44
\subfigcapskip=\skip45
\subfigcaptopadj=\dimen124
\subfigbottomskip=\skip46
\subfigcapmargin=\dimen125
\subfiglabelskip=\skip47
\c@subfigure=\count91
\c@lofdepth=\count92
\c@subtable=\count93
\c@lotdepth=\count94

****************************************
* Local config file subfigure.cfg used *
****************************************
(/usr/local/texlive/2016/texmf-dist/tex/latex/subfigure/subfigure.cfg)
\subfig@top=\skip48
\subfig@bottom=\skip49
)
(/usr/local/texlive/2016/texmf-dist/tex/latex/graphics/graphicx.sty
Package: graphicx 2014/10/28 v1.0g Enhanced LaTeX Graphics (DPC,SPQR)

(/usr/local/texlive/2016/texmf-dist/tex/latex/graphics/keyval.sty
Package: keyval 2014/10/28 v1.15 key=value parser (DPC)
\KV@toks@=\toks15
)
(/usr/local/texlive/2016/texmf-dist/tex/latex/graphics/graphics.sty
Package: graphics 2016/10/09 v1.0u Standard LaTeX Graphics (DPC,SPQR)

(/usr/local/texlive/2016/texmf-dist/tex/latex/graphics/trig.sty
Package: trig 2016/01/03 v1.10 sin cos tan (DPC)
)
(/usr/local/texlive/2016/texmf-dist/tex/latex/graphics-cfg/graphics.cfg
File: graphics.cfg 2016/06/04 v1.11 sample graphics configuration
)
Package graphics Info: Driver file: dvipdfmx.def on input line 99.

(/usr/local/texlive/2016/texmf-dist/tex/latex/graphics-def/dvipdfmx.def
File: dvipdfmx.def 2016/07/11 v4.12 LaTeX color/graphics driver for dvipdfmx (L
3/ChoF)
))
\Gin@req@height=\dimen126
\Gin@req@width=\dimen127
)
(/usr/local/texlive/2016/texmf-dist/tex/latex/url/url.sty
\Urlmuskip=\muskip10
Package: url 2013/09/16  ver 3.4  Verb mode for urls, etc.
)
(/usr/local/texlive/2016/texmf-dist/tex/latex/listings/listings.sty
\lst@mode=\count95
\lst@gtempboxa=\box42
\lst@token=\toks16
\lst@length=\count96
\lst@currlwidth=\dimen128
\lst@column=\count97
\lst@pos=\count98
\lst@lostspace=\dimen129
\lst@width=\dimen130
\lst@newlines=\count99
\lst@lineno=\count100
\lst@maxwidth=\dimen131

(/usr/local/texlive/2016/texmf-dist/tex/latex/listings/lstmisc.sty
File: lstmisc.sty 2015/06/04 1.6 (Carsten Heinz)
\c@lstnumber=\count101
\lst@skipnumbers=\count102
\lst@framebox=\box43
)
(/usr/local/texlive/2016/texmf-dist/tex/latex/listings/listings.cfg
File: listings.cfg 2015/06/04 1.6 listings configuration
))
Package: listings 2015/06/04 1.6 (Carsten Heinz)

(./jlisting.sty
Package: jlisting 2006/02/20 0.2 (Thor)
\lst@nextchar=\count103
\lst@inputfile=\read1
) (./yamane_final_abst.aux)
\openout1 = `yamane_final_abst.aux'.

LaTeX Font Info:    Checking defaults for OML/cmm/m/it on input line 39.
LaTeX Font Info:    ... okay on input line 39.
LaTeX Font Info:    Checking defaults for T1/cmr/m/n on input line 39.
LaTeX Font Info:    ... okay on input line 39.
LaTeX Font Info:    Checking defaults for OT1/cmr/m/n on input line 39.
LaTeX Font Info:    ... okay on input line 39.
LaTeX Font Info:    Checking defaults for OMS/cmsy/m/n on input line 39.
LaTeX Font Info:    ... okay on input line 39.
LaTeX Font Info:    Checking defaults for OMX/cmex/m/n on input line 39.
LaTeX Font Info:    ... okay on input line 39.
LaTeX Font Info:    Checking defaults for U/cmr/m/n on input line 39.
LaTeX Font Info:    ... okay on input line 39.
LaTeX Font Info:    Checking defaults for JY1/mc/m/n on input line 39.
LaTeX Font Info:    ... okay on input line 39.
LaTeX Font Info:    Checking defaults for JT1/mc/m/n on input line 39.
LaTeX Font Info:    ... okay on input line 39.
\c@lstlisting=\count104
LaTeX Font Info:    Font shape `JT1/mc/m/n' will be
(Font)              scaled to size 16.60605pt on input line 43.
LaTeX Font Info:    Font shape `JY1/mc/m/n' will be
(Font)              scaled to size 16.60605pt on input line 43.
LaTeX Font Info:    Font shape `JT1/mc/m/n' will be
(Font)              scaled to size 11.53198pt on input line 43.
LaTeX Font Info:    Font shape `JY1/mc/m/n' will be
(Font)              scaled to size 11.53198pt on input line 43.
LaTeX Font Info:    External font `cmex10' loaded for size
(Font)              <12> on input line 43.
LaTeX Font Info:    External font `cmex10' loaded for size
(Font)              <8> on input line 43.
LaTeX Font Info:    External font `cmex10' loaded for size
(Font)              <6> on input line 43.
LaTeX Font Info:    Font shape `JY1/mc/m/n' will be
(Font)              scaled to size 5.76599pt on input line 43.
LaTeX Font Info:    Font shape `JT1/gt/m/n' will be
(Font)              scaled to size 11.53198pt on input line 44.
LaTeX Font Info:    Font shape `JY1/gt/m/n' will be
(Font)              scaled to size 11.53198pt on input line 44.
LaTeX Font Info:    Try loading font information for OMS+cmr on input line 50.

(/usr/local/texlive/2016/texmf-dist/tex/latex/base/omscmr.fd
File: omscmr.fd 2014/09/29 v2.5h Standard LaTeX font definitions
)
LaTeX Font Info:    Font shape `OMS/cmr/m/n' in size <10> not available
(Font)              Font shape `OMS/cmsy/m/n' tried instead on input line 50.

(/usr/local/texlive/2016/texmf-dist/tex/latex/listings/lstlang1.sty
File: lstlang1.sty 2015/06/04 1.6 listings language file
)
(/usr/local/texlive/2016/texmf-dist/tex/latex/listings/lstlang2.sty
File: lstlang2.sty 2015/06/04 1.6 listings language file
)
LaTeX Font Info:    Font shape `JT1/mc/m/n' will be
(Font)              scaled to size 6.72699pt on input line 57.
LaTeX Font Info:    Font shape `JY1/mc/m/n' will be
(Font)              scaled to size 6.72699pt on input line 57.
LaTeX Font Info:    Font shape `JT1/gt/m/n' will be
(Font)              scaled to size 6.72699pt on input line 57.
LaTeX Font Info:    Font shape `JY1/gt/m/n' will be
(Font)              scaled to size 6.72699pt on input line 57.
LaTeX Font Info:    Font shape `JT1/gt/bx/n' in size <7> not available
(Font)              Font shape `JT1/gt/m/n' tried instead on input line 58.
LaTeX Font Info:    Font shape `JT1/gt/m/n' will be
(Font)              scaled to size 6.72699pt on input line 58.
LaTeX Font Info:    Font shape `JY1/gt/bx/n' in size <7> not available
(Font)              Font shape `JY1/gt/m/n' tried instead on input line 58.
LaTeX Font Info:    Font shape `JY1/gt/m/n' will be
(Font)              scaled to size 6.72699pt on input line 58.
LaTeX Font Info:    Font shape `OT1/cmtt/bx/n' in size <7> not available
(Font)              Font shape `OT1/cmtt/m/n' tried instead on input line 58.
LaTeX Font Info:    Font shape `JT1/gt/m/n' will be
(Font)              scaled to size 9.60999pt on input line 94.
LaTeX Font Info:    Font shape `JY1/gt/m/n' will be
(Font)              scaled to size 9.60999pt on input line 94.
LaTeX Font Info:    External font `cmex10' loaded for size
(Font)              <7> on input line 100.
LaTeX Font Info:    External font `cmex10' loaded for size
(Font)              <5> on input line 100.
LaTeX Font Info:    Font shape `JY1/mc/m/n' will be
(Font)              scaled to size 4.805pt on input line 100.

Underfull \hbox (badness 10000) in paragraph at lines 101--102
[]$\OT1/cmtt/m/n/10 https : / / docs . ruby-[]lang . org / ja / latest / librar
y /
 []

[1


] (./yamane_final_abst.aux) ) 
Here is how much of TeX's memory you used:
 2460 strings out of 493683
 33424 string characters out of 6149653
 183833 words of memory out of 5000000
 6040 multiletter control sequences out of 15000+600000
 13621 words of font info for 62 fonts, out of 8000000 for 9000
 934 hyphenation exceptions out of 8191
 31i,7n,49p,817b,1142s stack positions out of 5000i,500n,10000p,200000b,80000s

Output written on yamane_final_abst.dvi (1 page, 9564 bytes).
